Nof1/proguard-project.txt
# To enable ProGuard in your project, edit project.properties
# to define the proguard.config property as described in that file.
#
# Add project specific ProGuard rules here.
# By default, the flags in this file are appended to flags specified
# in ${sdk.dir}/tools/proguard/proguard-android.txt
# You can edit the include path and order by changing the ProGuard
# include property in project.properties.
#
# For more details, see
#   http://developer.android.com/guide/developing/tools/proguard.html

# Add any project specific keep options here:

# If your project uses WebView with JS, uncomment the following
# and specify the fully qualified class name to the JavaScript interface
# class:
#-keepclassmembers class fqcn.of.javascript.interface.for.webview {
#   public *;
#}
####################################################
# ActionBarSherlock
####################################################
-keep class android.support.v4.app.** { *; }
-keep interface android.support.v4.app.** { *; }
-keep class com.actionbarsherlock.** { *; }
-keep interface com.actionbarsherlock.** { *; }

-keepattributes *Annotation*
####################################################
# ACRA
####################################################
-renamesourcefileattribute SourceFile
-keepattributes SourceFile,LineNumberTable

# keep this around for some enums that ACRA needs
-keep class org.acra.ReportingInteractionMode {
   *;
}

# keep this otherwise it is removed by ProGuard
-keep public class org.acra.ErrorReporter
{
public void addCustomData(java.lang.String,java.lang.String);
}

# keep this otherwise it is removed by ProGuard
-keep public class org.acra.ErrorReporter
{
public org.acra.ErrorReporter$ReportsSenderWorker handleSilentException(java.lang.Throwable);
}
