Nof1/proguard/seeds.txt
org.nof1trial.nof1.AlarmReceiver
org.nof1trial.nof1.AlarmReceiver: AlarmReceiver()
org.nof1trial.nof1.App
org.nof1trial.nof1.App: App()
org.nof1trial.nof1.Backup
org.nof1trial.nof1.Backup: java.lang.String BACKUP
org.nof1trial.nof1.Backup: java.lang.String DATABASE
org.nof1trial.nof1.Backup: Backup()
org.nof1trial.nof1.Backup: void onCreate()
org.nof1trial.nof1.Backup: void onBackup(android.os.ParcelFileDescriptor,android.app.backup.BackupDataOutput,android.os.ParcelFileDescriptor)
org.nof1trial.nof1.Backup: void onRestore(android.app.backup.BackupDataInput,int,android.os.ParcelFileDescriptor)
org.nof1trial.nof1.NetworkChangeReceiver
org.nof1trial.nof1.NetworkChangeReceiver: NetworkChangeReceiver()
org.nof1trial.nof1.R$array: int config_input_type_array
org.nof1trial.nof1.R$array: int reminder_spinner_options
org.nof1trial.nof1.R$array: int sample_ques_brief
org.nof1trial.nof1.R$array: int sample_ques_max
org.nof1trial.nof1.R$array: int sample_ques_min
org.nof1trial.nof1.R$array: int sample_ques_types
org.nof1trial.nof1.R$array: int sample_questions
org.nof1trial.nof1.R$array: int treatment_period_arr
org.nof1trial.nof1.R$attr: int absForceOverflow
org.nof1trial.nof1.R$attr: int actionBarDivider
org.nof1trial.nof1.R$attr: int actionBarItemBackground
org.nof1trial.nof1.R$attr: int actionBarSize
org.nof1trial.nof1.R$attr: int actionBarSplitStyle
org.nof1trial.nof1.R$attr: int actionBarStyle
org.nof1trial.nof1.R$attr: int actionBarTabBarStyle
org.nof1trial.nof1.R$attr: int actionBarTabStyle
org.nof1trial.nof1.R$attr: int actionBarTabTextStyle
org.nof1trial.nof1.R$attr: int actionBarWidgetTheme
org.nof1trial.nof1.R$attr: int actionButtonStyle
org.nof1trial.nof1.R$attr: int actionDropDownStyle
org.nof1trial.nof1.R$attr: int actionMenuTextAppearance
org.nof1trial.nof1.R$attr: int actionMenuTextColor
org.nof1trial.nof1.R$attr: int actionModeBackground
org.nof1trial.nof1.R$attr: int actionModeCloseButtonStyle
org.nof1trial.nof1.R$attr: int actionModeCloseDrawable
org.nof1trial.nof1.R$attr: int actionModePopupWindowStyle
org.nof1trial.nof1.R$attr: int actionModeShareDrawable
org.nof1trial.nof1.R$attr: int actionModeSplitBackground
org.nof1trial.nof1.R$attr: int actionModeStyle
org.nof1trial.nof1.R$attr: int actionOverflowButtonStyle
org.nof1trial.nof1.R$attr: int actionSpinnerItemStyle
org.nof1trial.nof1.R$attr: int activatedBackgroundIndicator
org.nof1trial.nof1.R$attr: int activityChooserViewStyle
org.nof1trial.nof1.R$attr: int background
org.nof1trial.nof1.R$attr: int backgroundSplit
org.nof1trial.nof1.R$attr: int backgroundStacked
org.nof1trial.nof1.R$bool: int abs__action_bar_embed_tabs
org.nof1trial.nof1.R$bool: int abs__action_bar_expanded_action_views_exclusive
org.nof1trial.nof1.R$bool: int abs__config_actionMenuItemAllCaps
org.nof1trial.nof1.R$bool: int abs__config_allowActionMenuItemTextWithIcon
org.nof1trial.nof1.R$bool: int abs__config_showMenuShortcutsWhenKeyboardPresent
org.nof1trial.nof1.R$bool: int abs__split_action_bar_is_narrow
org.nof1trial.nof1.R$color: int abs__background_holo_dark
org.nof1trial.nof1.R$color: int abs__background_holo_light
org.nof1trial.nof1.R$color: int abs__bright_foreground_disabled_holo_dark
org.nof1trial.nof1.R$color: int abs__bright_foreground_disabled_holo_light
org.nof1trial.nof1.R$color: int abs__bright_foreground_holo_dark
org.nof1trial.nof1.R$color: int abs__bright_foreground_holo_light
org.nof1trial.nof1.R$color: int abs__bright_foreground_inverse_holo_dark
org.nof1trial.nof1.R$color: int abs__bright_foreground_inverse_holo_light
org.nof1trial.nof1.R$color: int abs__holo_blue_light
org.nof1trial.nof1.R$color: int abs__primary_text_disable_only_holo_dark
org.nof1trial.nof1.R$color: int abs__primary_text_disable_only_holo_light
org.nof1trial.nof1.R$color: int abs__primary_text_holo_dark
org.nof1trial.nof1.R$color: int abs__primary_text_holo_light
...
android.support.v4.app.Fragment$SavedState$1
android.support.v4.app.Fragment$SavedState$1: Fragment$SavedState$1()
android.support.v4.app.Fragment$SavedState$1: android.support.v4.app.Fragment$SavedState createFromParcel(android.os.Parcel)
android.support.v4.app.Fragment$SavedState$1: android.support.v4.app.Fragment$SavedState[] newArray(int)
android.support.v4.app.Fragment$SavedState$1: java.lang.Object[] newArray(int)
android.support.v4.app.Fragment$SavedState$1: java.lang.Object createFromParcel(android.os.Parcel)
android.support.v4.app.FragmentActivity
android.support.v4.app.FragmentActivity: java.lang.String TAG
android.support.v4.app.FragmentActivity: java.lang.String FRAGMENTS_TAG
android.support.v4.app.FragmentActivity: int HONEYCOMB
android.support.v4.app.FragmentActivity: int MSG_REALLY_STOPPED
android.support.v4.app.FragmentActivity: int MSG_RESUME_PENDING
android.support.v4.app.FragmentActivity: android.os.Handler mHandler
android.support.v4.app.FragmentActivity: android.support.v4.app.FragmentManagerImpl mFragments
android.support.v4.app.FragmentActivity: boolean mCreated
android.support.v4.app.FragmentActivity: boolean mResumed
android.support.v4.app.FragmentActivity: boolean mStopped
android.support.v4.app.FragmentActivity: boolean mReallyStopped
android.support.v4.app.FragmentActivity: boolean mRetaining
android.support.v4.app.FragmentActivity: boolean mOptionsMenuInvalidated
android.support.v4.app.FragmentActivity: boolean mCheckedForLoaderManager
android.support.v4.app.FragmentActivity: boolean mLoadersStarted
android.support.v4.app.FragmentActivity: android.support.v4.util.SparseArrayCompat mAllLoaderManagers
android.support.v4.app.FragmentActivity: android.support.v4.app.LoaderManagerImpl mLoaderManager
android.support.v4.app.FragmentActivity: FragmentActivity()
android.support.v4.app.FragmentActivity: void onActivityResult(int,int,android.content.Intent)
android.support.v4.app.FragmentActivity: void onBackPressed()
android.support.v4.app.FragmentActivity$1
android.support.v4.app.FragmentActivity$1: android.support.v4.app.FragmentActivity this$0
android.support.v4.app.FragmentActivity$1: FragmentActivity$1(android.support.v4.app.FragmentActivity)
android.support.v4.app.FragmentActivity$1: void handleMessage(android.os.Message)
android.support.v4.app.FragmentActivity$FragmentTag
android.support.v4.app.FragmentActivity$FragmentTag: int[] Fragment
android.support.v4.app.FragmentActivity$FragmentTag: int Fragment_id
android.support.v4.app.FragmentActivity$FragmentTag: int Fragment_name
android.support.v4.app.FragmentActivity$FragmentTag: int Fragment_tag
android.support.v4.app.FragmentActivity$FragmentTag: FragmentActivity$FragmentTag()
android.support.v4.app.FragmentActivity$FragmentTag: void <clinit>()
android.support.v4.app.FragmentActivity$NonConfigurationInstances
android.support.v4.app.FragmentActivity$NonConfigurationInstances: java.lang.Object activity
android.support.v4.app.FragmentActivity$NonConfigurationInstances: java.lang.Object custom
android.support.v4.app.FragmentActivity$NonConfigurationInstances: java.util.HashMap children
android.support.v4.app.FragmentActivity$NonConfigurationInstances: java.util.ArrayList fragments
android.support.v4.app.FragmentActivity$NonConfigurationInstances: android.support.v4.util.SparseArrayCompat loaders
android.support.v4.app.FragmentActivity$NonConfigurationInstances: FragmentActivity$NonConfigurationInstances()