Nof1/proguard/mapping.txt
org.nof1trial.nof1.AlarmReceiver -> org.nof1trial.nof1.AlarmReceiver:
    54:82:void onReceive(android.content.Context,android.content.Intent) -> onReceive
    85:88:void sendActionToScheduler(android.content.Context,java.lang.String) -> a
    92:98:void showRepeatNotification(android.content.Context) -> a
    103:105:void showFirstNotification(android.content.Context) -> b
    109:110:void showMedicineNotification(android.content.Context) -> c
    124:128:void setNotification(android.content.Context,android.content.Intent,int,int,int) -> a
    143:175:void setNotification(android.content.Context,android.content.Intent,java.lang.String,java.lang.String,int) -> a
org.nof1trial.nof1.App -> org.nof1trial.nof1.App:
    42:44:void onCreate() -> onCreate
org.nof1trial.nof1.Backup -> org.nof1trial.nof1.Backup:
    java.lang.String BACKUP -> BACKUP
    java.lang.String DATABASE -> DATABASE
    50:57:void onCreate() -> onCreate
    61:64:void onBackup(android.os.ParcelFileDescriptor,android.app.backup.BackupDataOutput,android.os.ParcelFileDescriptor) -> onBackup
    68:71:void onRestore(android.app.backup.BackupDataInput,int,android.os.ParcelFileDescriptor) -> onRestore
org.nof1trial.nof1.DataSource -> org.nof1trial.nof1.a:
    org.nof1trial.nof1.SQLite mHelper -> b
    android.database.sqlite.SQLiteDatabase mDatabase -> c
    java.lang.String[] mColumns -> d
    int[] sDataLock -> a
    68:81:void open() -> a
    85:88:void close() -> b
    99:113:long saveData(int,long,int[]) -> a
    125:133:long saveData(int,long,int[],java.lang.String) -> a
    166:166:android.database.Cursor getColumn(java.lang.String) -> a
    180:185:android.database.Cursor getColumns(java.lang.String[]) -> a
    194:194:android.database.Cursor getAllColumns() -> c
    204:204:android.database.Cursor getQuestion(int) -> a
org.nof1trial.nof1.NetworkChangeReceiver -> org.nof1trial.nof1.NetworkChangeReceiver:
    53:84:void onReceive(android.content.Context,android.content.Intent) -> onReceive
org.nof1trial.nof1.R -> org.nof1trial.nof1.b:
org.nof1trial.nof1.R$styleable -> org.nof1trial.nof1.b$a:
    int[] CheckArrayArguments -> CheckArrayArguments
    int CheckArrayArguments_android_label -> CheckArrayArguments_android_label
    int[] CheckFragmentArguments -> CheckFragmentArguments
    int CheckFragmentArguments_android_checked -> CheckFragmentArguments_android_checked
    int CheckFragmentArguments_android_label -> CheckFragmentArguments_android_label
    int[] SherlockActionBar -> SherlockActionBar
    int SherlockActionBar_background -> SherlockActionBar_background
    int SherlockActionBar_backgroundSplit -> SherlockActionBar_backgroundSplit
    int SherlockActionBar_backgroundStacked -> SherlockActionBar_backgroundStacked
    int SherlockActionBar_customNavigationLayout -> SherlockActionBar_customNavigationLayout
    int SherlockActionBar_displayOptions -> SherlockActionBar_displayOptions
    int SherlockActionBar_divider -> SherlockActionBar_divider
    int SherlockActionBar_height -> SherlockActionBar_height
    int SherlockActionBar_homeLayout -> SherlockActionBar_homeLayout
    int SherlockActionBar_icon -> SherlockActionBar_icon
    int SherlockActionBar_indeterminateProgressStyle -> SherlockActionBar_indeterminateProgressStyle
    int SherlockActionBar_itemPadding -> SherlockActionBar_itemPadding
    int SherlockActionBar_logo -> SherlockActionBar_logo
    int SherlockActionBar_navigationMode -> SherlockActionBar_navigationMode
org.nof1trial.nof1.SQLite -> org.nof1trial.nof1.c:
    int mNumQuestion -> a
    android.content.Context mContext -> b
    80:81:void setQuestionNumber(int) -> a
    84:84:int getNumberQuestions() -> a
    89:90:void onCreate(android.database.sqlite.SQLiteDatabase) -> onCreate
    97:196:void onUpgrade(android.database.sqlite.SQLiteDatabase,int,int) -> onUpgrade
    200:211:java.lang.String makeCreate() -> b
...
com.google.gwt.core.client.GWT$UncaughtExceptionHandler -> com.google.a.a.a.a$a:
com.google.gwt.core.client.GWTBridge -> com.google.a.a.a.b:
    boolean isClient() -> a
com.google.gwt.core.client.impl.WeakMapping -> com.google.a.a.a.a.a:
    java.util.concurrent.locks.Lock cleanupLock -> a
    java.util.concurrent.ConcurrentHashMap map -> b
    java.lang.ref.ReferenceQueue queue -> c
    128:138:java.lang.Object get(java.lang.Object,java.lang.String) -> a
    157:174:void set(java.lang.Object,java.lang.String,java.lang.Object) -> a
    181:182:void setWeak(java.lang.Object,java.lang.String,java.lang.Object) -> b
    190:201:void cleanup() -> a
com.google.gwt.core.client.impl.WeakMapping$IdentityWeakReference -> com.google.a.a.a.a.a$a:
    int hashCode -> a
    63:84:boolean equals(java.lang.Object) -> equals
    89:89:int hashCode() -> hashCode
com.google.gwt.core.client.impl.WeakMapping$ManagedWeakReference -> com.google.a.a.a.a.a$b:
com.google.gwt.dev.asm.Type -> com.google.a.b.a.a:
    com.google.gwt.dev.asm.Type VOID_TYPE -> a
    com.google.gwt.dev.asm.Type BOOLEAN_TYPE -> b
    com.google.gwt.dev.asm.Type CHAR_TYPE -> c
    com.google.gwt.dev.asm.Type BYTE_TYPE -> d
    com.google.gwt.dev.asm.Type SHORT_TYPE -> e
    com.google.gwt.dev.asm.Type INT_TYPE -> f
    com.google.gwt.dev.asm.Type FLOAT_TYPE -> g
    com.google.gwt.dev.asm.Type LONG_TYPE -> h
    com.google.gwt.dev.asm.Type DOUBLE_TYPE -> i
    int sort -> j
    char[] buf -> k
    int off -> l
    int len -> m
    262:285:com.google.gwt.dev.asm.Type[] getArgumentTypes(java.lang.String) -> a
    339:376:com.google.gwt.dev.asm.Type getType(char[],int) -> a
    480:482:java.lang.String getDescriptor() -> a
    498:505:java.lang.String getMethodDescriptor(com.google.gwt.dev.asm.Type,com.google.gwt.dev.asm.Type[]) -> a
    515:552:void getDescriptor(java.lang.StringBuffer) -> a
    578:580:java.lang.String getDescriptor(java.lang.Class) -> a
    624:661:void getDescriptor(java.lang.StringBuffer,java.lang.Class) -> a
    748:768:boolean equals(java.lang.Object) -> equals
    777:783:int hashCode() -> hashCode
    792:792:java.lang.String toString() -> toString
com.google.gwt.dev.asm.commons.Method -> com.google.a.b.a.a.a:
    java.lang.String name -> a
    java.lang.String desc -> b
    java.util.Map DESCRIPTORS -> c
    217:217:java.lang.String getDescriptor() -> a
    239:239:java.lang.String toString() -> toString
    243:247:boolean equals(java.lang.Object) -> equals
    251:251:int hashCode() -> hashCode
com.google.gwt.dev.util.StringKey -> com.google.a.b.b.a:
    int hashCode -> a
    java.lang.String value -> b
    49:58:int compareTo(com.google.gwt.dev.util.StringKey) -> a
    66:69:boolean equals(java.lang.Object) -> equals
    76:76:java.lang.String get() -> a
    81:81:int hashCode() -> hashCode
    89:89:java.lang.String toString() -> toString
    25:25:int compareTo(java.lang.Object) -> compareTo
com.google.gwt.user.server.Base64Utils -> com.google.a.c.a.a:
    char[] base64Chars -> b
    byte[] base64Values -> c
    boolean $assertionsDisabled -> a
    135:169:java.lang.String toBase64(byte[]) -> a
com.google.web.bindery.autobean.shared.AutoBean -> com.google.web.bindery.autobean.shared.AutoBean:
    void accept(com.google.web.bindery.autobean.shared.AutoBeanVisitor) -> accept
    java.lang.Object as() -> as
    com.google.web.bindery.autobean.shared.AutoBean clone(boolean) -> clone
    com.google.web.bindery.autobean.shared.AutoBeanFactory getFactory() -> getFactory
    java.lang.Object getTag(java.lang.String) -> getTag
    java.lang.Class getType() -> getType
    boolean isFrozen() -> isFrozen
    boolean isWrapper() -> isWrapper
    void setFrozen(boolean) -> setFrozen
    void setTag(java.lang.String,java.lang.Object) -> setTag
    java.lang.Object unwrap() -> unwrap