Nof1/proguard/usage.txt
org.nof1trial.nof1.AlarmReceiver:
    private static final java.lang.String TAG
    private static final boolean DEBUG
org.nof1trial.nof1.BuildConfig
org.nof1trial.nof1.DataSource:
    private static final java.lang.String TAG
    private static final boolean DEBUG
    144:155:public long saveComment(int,long,java.lang.String)
org.nof1trial.nof1.Keys
org.nof1trial.nof1.Manifest
org.nof1trial.nof1.Manifest$permission
org.nof1trial.nof1.NetworkChangeReceiver:
    private static final java.lang.String TAG
    private static final boolean DEBUG
org.nof1trial.nof1.R:
    10:10:public R()
org.nof1trial.nof1.R$array
org.nof1trial.nof1.R$attr
org.nof1trial.nof1.R$bool
org.nof1trial.nof1.R$color
org.nof1trial.nof1.R$dimen
org.nof1trial.nof1.R$drawable
org.nof1trial.nof1.R$id
org.nof1trial.nof1.R$integer
org.nof1trial.nof1.R$layout
org.nof1trial.nof1.R$menu
org.nof1trial.nof1.R$string
org.nof1trial.nof1.R$style
org.nof1trial.nof1.R$styleable:
    1384:1384:public R$styleable()
org.nof1trial.nof1.R$xml
org.nof1trial.nof1.SQLite:
    private static final java.lang.String TAG
    private static final boolean DEBUG
    public static final java.lang.String TABLE_INFO
    public static final java.lang.String COLUMN_ID
    public static final java.lang.String COLUMN_DAY
    public static final java.lang.String COLUMN_TIME
    public static final java.lang.String COLUMN_COMMENT
    public static final java.lang.String COLUMN_QUESTION
    public static final java.lang.String DATABASE_NAME
org.nof1trial.nof1.activities.AccountsActivity:
    private static final java.lang.String TAG
    private static final boolean DEBUG
org.nof1trial.nof1.activities.AddNote:
    private static final java.lang.String TAG
    private static final boolean DEBUG
org.nof1trial.nof1.activities.CommentList:
    private static final java.lang.String TAG
    private static final boolean DEBUG
org.nof1trial.nof1.activities.DoctorConfig:
    private static final java.lang.String TAG
    private static final boolean DEBUG
    private static final int REQUEST_FORM
org.nof1trial.nof1.activities.DoctorLogin:
    private static final java.lang.String TAG
    private static final boolean DEBUG
    private static final int THEME
    private static final int REQUEST_CONFIG
org.nof1trial.nof1.activities.FormBuilder:
    private static final java.lang.String TAG
    private static final boolean DEBUG
    private static final int REQUEST_PREVIEW
org.nof1trial.nof1.activities.GraphChooser:
    private static final java.lang.String TAG
    private static final boolean DEBUG
org.nof1trial.nof1.activities.HomeScreen:
    private static final java.lang.String TAG
    private static final boolean DEBUG
    private static final int ACCOUNT_REQUEST
org.nof1trial.nof1.activities.Questionnaire:
    private static final java.lang.String TAG
    private static final boolean DEBUG
    public static final int RESULT_DONE
    public static final int RESULT_BACK
org.nof1trial.nof1.activities.UserPrefs:
    private static final java.lang.String TAG
    private static final boolean DEBUG
org.nof1trial.nof1.app.AndroidRequestTransport:
    private static final java.lang.String TAG
    private static final boolean DEBUG
org.nof1trial.nof1.app.Util:
    private static final java.lang.String TAG
    private static final boolean DEBUG
    public static final java.lang.String ACCOUNT_NAME
    public static final java.lang.String AUTH_COOKIE
    private static final java.lang.String APP_NAME
    public static final java.lang.String PROD_URL
    public static final java.lang.String RF_METHOD
    private static final java.lang.String SHARED_PREFS
org.nof1trial.nof1.containers.Label:
    private static final boolean DEBUG
    48:52:public void draw(android.graphics.Canvas,float,float,android.graphics.Paint)
...
javax.validation.Payload
javax.validation.ReportAsSingleViolation
javax.validation.TraversableResolver
javax.validation.UnexpectedTypeException
javax.validation.Valid
javax.validation.Validation
javax.validation.Validation$1
javax.validation.Validation$DefaultValidationProviderResolver
javax.validation.Validation$GenericBootstrapImpl
javax.validation.Validation$GetClassLoader
javax.validation.Validation$ProviderSpecificBootstrapImpl
javax.validation.ValidationException
javax.validation.ValidationProviderResolver
javax.validation.Validator
javax.validation.ValidatorContext
javax.validation.ValidatorFactory
javax.validation.bootstrap.GenericBootstrap
javax.validation.bootstrap.ProviderSpecificBootstrap
javax.validation.constraints.AssertFalse
javax.validation.constraints.AssertFalse$List
javax.validation.constraints.AssertTrue
javax.validation.constraints.AssertTrue$List
javax.validation.constraints.DecimalMax
javax.validation.constraints.DecimalMax$List
javax.validation.constraints.DecimalMin
javax.validation.constraints.DecimalMin$List
javax.validation.constraints.Digits
javax.validation.constraints.Digits$List
javax.validation.constraints.Future
javax.validation.constraints.Future$List
javax.validation.constraints.Max
javax.validation.constraints.Max$List
javax.validation.constraints.Min
javax.validation.constraints.Min$List
javax.validation.constraints.NotNull
javax.validation.constraints.NotNull$List
javax.validation.constraints.Null
javax.validation.constraints.Null$List
javax.validation.constraints.Past
javax.validation.constraints.Past$List
javax.validation.constraints.Pattern
javax.validation.constraints.Pattern$Flag
javax.validation.constraints.Pattern$List
javax.validation.constraints.Size
javax.validation.constraints.Size$List
javax.validation.groups.Default
javax.validation.metadata.BeanDescriptor
javax.validation.metadata.ConstraintDescriptor
javax.validation.metadata.ElementDescriptor
javax.validation.metadata.ElementDescriptor$ConstraintFinder
javax.validation.metadata.PropertyDescriptor
javax.validation.metadata.Scope
javax.validation.spi.BootstrapState
javax.validation.spi.ConfigurationState
javax.validation.spi.ValidationProvider
org.acra.ACRA:
    public static final boolean DEV_LOGGING
    static final java.lang.String RES_NOTIF_ICON
    static final java.lang.String RES_NOTIF_TICKER_TEXT
    static final java.lang.String RES_NOTIF_TITLE
    static final java.lang.String RES_NOTIF_TEXT
    static final java.lang.String RES_DIALOG_ICON
    static final java.lang.String RES_DIALOG_TITLE
    static final java.lang.String RES_DIALOG_TEXT
    static final java.lang.String RES_DIALOG_COMMENT_PROMPT
    static final java.lang.String RES_DIALOG_OK_TOAST
    static final java.lang.String RES_TOAST_TEXT
    static final int NOTIF_CRASH_ID
    public static final java.lang.String PREF_DISABLE_ACRA
    public static final java.lang.String PREF_ENABLE_ACRA
    public static final java.lang.String PREF_ENABLE_SYSTEM_LOGS
    public static final java.lang.String PREF_ENABLE_DEVICE_ID
    public static final java.lang.String PREF_USER_EMAIL_ADDRESS
    public static final java.lang.String PREF_ALWAYS_ACCEPT
    public static final java.lang.String NULL_VALUE
org.acra.ACRAConfigurationException:
    private static final long serialVersionUID
org.acra.Compatibility:
    29:29:public Compatibility()